2017-08-19 11:37:33 111111111111111
2017-08-19 11:37:33 username:117.21081309
2017-08-19 11:37:33 password:39.1439299
2017-08-19 16:42:27 111111111111111
2017-08-19 16:42:27 username:117.21081309
2017-08-19 16:42:27 password:39.1439299
2017-08-19 17:02:18 111111111111111
2017-08-19 17:02:18 username:117.21081309
2017-08-19 17:02:18 password:39.1439299
2017-08-19 17:04:00 111111111111111
2017-08-19 17:04:00 username:117.21081309
2017-08-19 17:04:00 password:39.1439299
2017-08-20 04:12:19 1111111111111111111111111111111
2017-08-20 04:12:19 1111111111111111111111111111111111111111
2017-08-20 04:12:32 1111111111111111111111111111111
2017-08-20 04:12:32 1111111111111111111111111111111111111111
2017-08-20 04:14:43 1111111111111111111111111111111
2017-08-20 04:14:43 1111111111111111111111111111111111111111
2017-08-20 04:14:47 1111111111111111111111111111111
2017-08-20 04:14:47 1111111111111111111111111111111111111111
2017-08-20 04:15:33 1111111111111111111111111111111
2017-08-20 04:15:33 1111111111111111111111111111111111111111
2017-08-20 04:16:32 1111111111111111111111111111111
2017-08-20 04:16:32 1111111111111111111111111111111111111111
2017-08-20 04:17:00 1111111111111111111111111111111
2017-08-20 04:17:00 1111111111111111111111111111111111111111
2017-08-20 04:18:04 1111111111111111111111111111111
2017-08-20 04:18:04 1111111111111111111111111111111111111111
2017-08-20 04:18:14 1111111111111111111111111111111
2017-08-20 04:18:14 1111111111111111111111111111111111111111
2017-08-20 04:19:10 1111111111111111111111111111111
2017-08-20 04:19:10 1111111111111111111111111111111111111111
2017-08-20 04:20:45 1111111111111111111111111111111
2017-08-20 04:20:45 1111111111111111111111111111111111111111
2017-08-20 04:21:17 1111111111111111111111111111111
2017-08-20 04:21:17 1111111111111111111111111111111111111111
2017-08-20 18:24:18 1111111111111111111111111111111
2017-08-20 18:24:18 1111111111111111111111111111111111111111
2017-08-20 18:54:04 1111111111111111111111111111111
2017-08-20 18:54:04 1111111111111111111111111111111111111111
2017-08-21 14:56:48 1111111111111111111111111111111
2017-08-21 14:56:48 1111111111111111111111111111111111111111
2017-08-21 14:57:51 1111111111111111111111111111111
2017-08-21 14:57:51 1111111111111111111111111111111111111111
2017-08-21 14:58:01 1111111111111111111111111111111
2017-08-21 14:58:01 1111111111111111111111111111111111111111
2017-08-21 14:58:04 1111111111111111111111111111111
2017-08-21 14:58:04 1111111111111111111111111111111111111111
2017-08-21 18:09:32 1111111111111111111111111111111
2017-08-21 18:09:32 1111111111111111111111111111111111111111
2017-08-21 18:10:34 1111111111111111111111111111111
2017-08-21 18:10:34 1111111111111111111111111111111111111111
2017-08-21 18:10:46 username:15122053766
2017-08-21 18:10:46 password:123456a
2017-08-21 18:10:46 rpassword:123456a
2017-08-21 18:22:40 username:15122053766
2017-08-21 18:22:40 password:123456a
2017-08-21 18:22:43 1111111111111111111111111111111
2017-08-21 18:22:43 1111111111111111111111111111111111111111
2017-08-21 18:46:22 1111111111111111111111111111111
2017-08-21 18:46:22 1111111111111111111111111111111111111111
2017-08-21 18:49:08 1111111111111111111111111111111
2017-08-21 18:49:08 1111111111111111111111111111111111111111
2017-08-21 18:52:51 1111111111111111111111111111111
2017-08-21 18:52:52 1111111111111111111111111111111111111111
2017-08-21 18:59:01 1111111111111111111111111111111
2017-08-21 18:59:02 1111111111111111111111111111111111111111
2017-08-22 04:45:07 1111111111111111111111111111111
2017-08-22 04:45:07 1111111111111111111111111111111111111111
2017-08-22 04:45:24 1111111111111111111111111111111
2017-08-22 04:45:24 1111111111111111111111111111111111111111
2017-08-22 04:46:05 1111111111111111111111111111111
2017-08-22 04:46:05 1111111111111111111111111111111111111111
2017-08-22 04:46:13 1111111111111111111111111111111
2017-08-22 04:46:13 1111111111111111111111111111111111111111
2017-08-22 04:59:14 1111111111111111111111111111111
2017-08-22 04:59:14 1111111111111111111111111111111111111111
2017-08-22 05:08:09 1111111111111111111111111111111
2017-08-22 05:08:09 1111111111111111111111111111111111111111
2017-08-22 05:08:53 1111111111111111111111111111111
2017-08-22 05:08:53 1111111111111111111111111111111111111111
2017-08-22 06:54:08 1111111111111111111111111111111
2017-08-22 06:54:08 1111111111111111111111111111111111111111
2017-08-22 06:56:28 1111111111111111111111111111111
2017-08-22 06:56:28 1111111111111111111111111111111111111111
2017-08-22 06:57:06 1111111111111111111111111111111
2017-08-22 06:57:06 1111111111111111111111111111111111111111
2017-08-22 14:22:16 username:15122053766
2017-08-22 14:22:16 password:123456a
2017-08-22 14:22:19 1111111111111111111111111111111
2017-08-22 14:22:19 1111111111111111111111111111111111111111
2017-08-22 14:22:40 1111111111111111111111111111111
2017-08-22 14:22:40 1111111111111111111111111111111111111111
2017-08-22 14:22:45 111111111111111
2017-08-22 14:22:45 username:117.21081309
2017-08-22 14:22:45 password:39.1439299
2017-08-22 14:22:51 1111111111111111111111111111111
2017-08-22 14:22:51 1111111111111111111111111111111111111111
2017-08-22 14:24:03 1111111111111111111111111111111
2017-08-22 14:24:03 1111111111111111111111111111111111111111
2017-08-23 16:34:59 111111111111111
2017-08-23 16:34:59 username:Login117.21081309
2017-08-23 16:34:59 password:Login39.1439299
2017-08-23 16:37:10 111111111111111
2017-08-23 16:37:10 username:Login117.21081309
2017-08-23 16:37:10 password:Login39.1439299
2017-08-23 16:37:56 111111111111111
2017-08-23 16:37:56 username:Login117.21081309
2017-08-23 16:37:57 password:39.1439299
2017-08-23 16:38:31 111111111111111
2017-08-23 16:38:31 username:Login|117.21081309
2017-08-23 16:38:31 password:39.1439299
2017-08-23 16:48:36 111111111111111
2017-08-23 16:48:36 username:Login|117.21081309,39.1439299
2017-08-23 16:48:36 password:
2017-08-23 16:49:45 111111111111111
2017-08-23 16:49:45 username:Login|117.21081309,39.1439299
2017-08-23 16:49:45 password:
2017-08-24 04:56:10 111111111111111
2017-08-24 04:56:10 username:Login|117.21081309,39.1439299
2017-08-24 04:56:10 password:
2017-08-24 04:59:09 111111111111111
2017-08-24 04:59:09 username:Login|117.21081309,39.1439299
2017-08-24 04:59:09 password:
2017-08-24 10:35:52 1111111111111111111111111111111
2017-08-24 10:35:52 1111111111111111111111111111111111111111
2017-08-29 06:52:39 111111111111111
2017-08-29 06:52:40 username:Login|117.21081309,39.1439299
2017-08-29 06:52:40 password:
2017-08-29 11:21:02 1111111111111111111111111111111
2017-08-29 11:21:02 1111111111111111111111111111111111111111
2017-08-29 11:23:49 111111111111111
2017-08-29 11:23:49 username:
2017-08-29 11:23:49 password:
2017-08-29 11:23:54 1111111111111111111111111111111
2017-08-29 11:23:54 1111111111111111111111111111111111111111
2017-09-02 18:20:13 1111111111111111111111111111111
2017-09-02 18:20:13 1111111111111111111111111111111111111111
2017-09-05 16:34:26 username:15122053766
2017-09-05 16:34:26 password:123456a
2017-09-05 16:34:29 1111111111111111111111111111111
2017-09-05 16:34:29 1111111111111111111111111111111111111111
2017-09-05 16:36:13 1111111111111111111111111111111
2017-09-05 16:36:13 1111111111111111111111111111111111111111
2017-09-05 16:37:48 1111111111111111111111111111111
2017-09-05 16:37:48 1111111111111111111111111111111111111111
2017-09-05 16:38:09 1111111111111111111111111111111
2017-09-05 16:38:09 1111111111111111111111111111111111111111
2017-09-05 16:38:11 1111111111111111111111111111111
2017-09-05 16:38:11 1111111111111111111111111111111111111111
2017-09-05 17:00:44 1111111111111111111111111111111
2017-09-05 17:00:44 1111111111111111111111111111111111111111
2017-09-05 17:00:46 1111111111111111111111111111111
2017-09-05 17:00:46 1111111111111111111111111111111111111111
2017-09-05 17:00:49 1111111111111111111111111111111
2017-09-05 17:00:49 1111111111111111111111111111111111111111
2017-09-05 17:06:58 1111111111111111111111111111111
2017-09-05 17:06:58 1111111111111111111111111111111111111111
2017-09-05 17:08:19 1111111111111111111111111111111
2017-09-05 17:08:19 1111111111111111111111111111111111111111
2017-09-05 17:12:11 1111111111111111111111111111111
2017-09-05 17:12:11 1111111111111111111111111111111111111111
2017-09-05 17:12:18 1111111111111111111111111111111
2017-09-05 17:12:18 1111111111111111111111111111111111111111
2017-09-05 17:12:24 1111111111111111111111111111111
2017-09-05 17:12:24 1111111111111111111111111111111111111111
2017-09-05 17:12:31 1111111111111111111111111111111
2017-09-05 17:12:31 1111111111111111111111111111111111111111
2017-09-05 17:16:24 1111111111111111111111111111111
2017-09-05 17:16:25 1111111111111111111111111111111111111111
2017-09-05 17:18:34 1111111111111111111111111111111
2017-09-05 17:18:34 1111111111111111111111111111111111111111
2017-09-05 17:20:49 1111111111111111111111111111111
2017-09-05 17:20:49 1111111111111111111111111111111111111111
2017-09-05 17:22:18 1111111111111111111111111111111
2017-09-05 17:22:18 1111111111111111111111111111111111111111
2017-09-05 17:22:21 1111111111111111111111111111111
2017-09-05 17:22:21 1111111111111111111111111111111111111111
2017-09-05 17:22:32 1111111111111111111111111111111
2017-09-05 17:22:32 1111111111111111111111111111111111111111
2017-09-05 17:22:49 1111111111111111111111111111111
2017-09-05 17:22:49 1111111111111111111111111111111111111111
2017-09-05 17:23:08 1111111111111111111111111111111
2017-09-05 17:23:08 1111111111111111111111111111111111111111
2017-09-05 17:23:55 1111111111111111111111111111111
2017-09-05 17:23:55 1111111111111111111111111111111111111111
2017-09-05 17:24:05 1111111111111111111111111111111
2017-09-05 17:24:05 1111111111111111111111111111111111111111
2017-09-05 17:24:58 1111111111111111111111111111111
2017-09-05 17:24:58 1111111111111111111111111111111111111111
2017-09-05 17:25:11 1111111111111111111111111111111
2017-09-05 17:25:11 1111111111111111111111111111111111111111
2017-09-05 17:25:22 1111111111111111111111111111111
2017-09-05 17:25:22 1111111111111111111111111111111111111111
2017-09-05 17:25:36 1111111111111111111111111111111
2017-09-05 17:25:36 1111111111111111111111111111111111111111
2017-09-05 17:26:06 1111111111111111111111111111111
2017-09-05 17:26:06 1111111111111111111111111111111111111111
2017-09-05 17:26:20 1111111111111111111111111111111
2017-09-05 17:26:20 1111111111111111111111111111111111111111
2017-09-05 17:26:31 1111111111111111111111111111111
2017-09-05 17:26:31 1111111111111111111111111111111111111111
2017-09-05 17:27:36 1111111111111111111111111111111
2017-09-05 17:27:36 1111111111111111111111111111111111111111
2017-09-05 17:27:48 1111111111111111111111111111111
2017-09-05 17:27:48 1111111111111111111111111111111111111111
2017-09-05 17:27:50 1111111111111111111111111111111
2017-09-05 17:27:50 1111111111111111111111111111111111111111
2017-09-05 17:29:13 1111111111111111111111111111111
2017-09-05 17:29:13 1111111111111111111111111111111111111111
2017-09-05 17:37:25 1111111111111111111111111111111
2017-09-05 17:37:25 1111111111111111111111111111111111111111
2017-09-05 17:37:40 1111111111111111111111111111111
2017-09-05 17:37:40 1111111111111111111111111111111111111111
2017-09-05 17:38:53 1111111111111111111111111111111
2017-09-05 17:38:53 1111111111111111111111111111111111111111
2017-09-05 17:39:16 1111111111111111111111111111111
2017-09-05 17:39:16 1111111111111111111111111111111111111111
2017-09-05 17:39:31 1111111111111111111111111111111
2017-09-05 17:39:31 1111111111111111111111111111111111111111
2017-09-05 17:39:58 1111111111111111111111111111111
2017-09-05 17:39:58 1111111111111111111111111111111111111111
2017-09-05 17:40:21 1111111111111111111111111111111
2017-09-05 17:40:21 1111111111111111111111111111111111111111
2017-09-05 17:40:39 1111111111111111111111111111111
2017-09-05 17:40:39 1111111111111111111111111111111111111111
2017-09-05 17:40:49 1111111111111111111111111111111
2017-09-05 17:40:49 1111111111111111111111111111111111111111
2017-09-05 17:40:59 1111111111111111111111111111111
2017-09-05 17:40:59 1111111111111111111111111111111111111111
2017-09-05 17:41:15 1111111111111111111111111111111
2017-09-05 17:41:15 1111111111111111111111111111111111111111
2017-09-05 17:41:28 1111111111111111111111111111111
2017-09-05 17:41:28 1111111111111111111111111111111111111111
2017-09-05 17:41:43 1111111111111111111111111111111
2017-09-05 17:41:43 1111111111111111111111111111111111111111
2017-09-05 17:41:46 1111111111111111111111111111111
2017-09-05 17:41:46 1111111111111111111111111111111111111111
2017-09-05 17:41:55 1111111111111111111111111111111
2017-09-05 17:41:55 1111111111111111111111111111111111111111
2017-09-05 17:42:07 1111111111111111111111111111111
2017-09-05 17:42:07 1111111111111111111111111111111111111111
2017-09-05 17:42:21 1111111111111111111111111111111
2017-09-05 17:42:21 1111111111111111111111111111111111111111
2017-09-05 17:44:03 1111111111111111111111111111111
2017-09-05 17:44:03 1111111111111111111111111111111111111111
2017-09-05 19:41:55 1111111111111111111111111111111
2017-09-05 19:41:55 1111111111111111111111111111111111111111
2017-09-05 19:41:58 1111111111111111111111111111111
2017-09-05 19:41:58 1111111111111111111111111111111111111111
2017-09-05 19:42:35 1111111111111111111111111111111
2017-09-05 19:42:35 1111111111111111111111111111111111111111
